  Application.cpp
c:\users\gabriel\documents\computograficorespaldo\mydir\principiosdecg\robot3d\src\application.cpp(84): warning C4309: 'argument': truncation of constant value
c:\users\gabriel\documents\computograficorespaldo\mydir\principiosdecg\robot3d\src\application.cpp(84): warning C4244: 'argument': conversion from 'const double' to 'const int', possible loss of data
c:\users\gabriel\documents\computograficorespaldo\mydir\principiosdecg\robot3d\src\application.cpp(89): warning C4309: 'argument': truncation of constant value
c:\users\gabriel\documents\computograficorespaldo\mydir\principiosdecg\robot3d\src\application.cpp(89): warning C4244: 'argument': conversion from 'const float' to 'const int', possible loss of data
c:\users\gabriel\documents\computograficorespaldo\mydir\principiosdecg\robot3d\src\application.cpp(97): warning C4244: 'argument': conversion from 'const double' to 'float', possible loss of data
c:\users\gabriel\documents\computograficorespaldo\mydir\principiosdecg\robot3d\src\application.cpp(99): warning C4244: 'argument': conversion from 'const double' to 'float', possible loss of data
c:\users\gabriel\documents\computograficorespaldo\mydir\principiosdecg\robot3d\src\application.cpp(102): warning C4244: 'argument': conversion from 'const double' to 'float', possible loss of data
c:\users\gabriel\documents\computograficorespaldo\mydir\principiosdecg\robot3d\src\application.cpp(103): warning C4244: 'argument': conversion from 'const double' to 'float', possible loss of data
c:\users\gabriel\documents\computograficorespaldo\mydir\principiosdecg\robot3d\src\application.cpp(125): warning C4244: 'argument': conversion from 'const double' to 'float', possible loss of data
c:\users\gabriel\documents\computograficorespaldo\mydir\principiosdecg\robot3d\src\application.cpp(139): warning C4244: 'argument': conversion from 'const double' to 'float', possible loss of data
c:\users\gabriel\documents\computograficorespaldo\mydir\principiosdecg\robot3d\src\application.cpp(141): warning C4244: 'argument': conversion from 'const double' to 'float', possible loss of data
c:\users\gabriel\documents\computograficorespaldo\mydir\principiosdecg\robot3d\src\application.cpp(142): warning C4244: 'argument': conversion from 'const double' to 'float', possible loss of data
c:\users\gabriel\documents\computograficorespaldo\mydir\principiosdecg\robot3d\src\application.cpp(160): warning C4244: 'argument': conversion from 'const double' to 'float', possible loss of data
c:\users\gabriel\documents\computograficorespaldo\mydir\principiosdecg\robot3d\src\application.cpp(162): warning C4244: 'argument': conversion from 'const double' to 'float', possible loss of data
c:\users\gabriel\documents\computograficorespaldo\mydir\principiosdecg\robot3d\src\application.cpp(179): warning C4244: 'argument': conversion from 'const double' to 'float', possible loss of data
c:\users\gabriel\documents\computograficorespaldo\mydir\principiosdecg\robot3d\src\application.cpp(181): warning C4244: 'argument': conversion from 'const double' to 'float', possible loss of data
c:\users\gabriel\documents\computograficorespaldo\mydir\principiosdecg\robot3d\src\application.cpp(200): warning C4244: 'argument': conversion from 'const double' to 'float', possible loss of data
c:\users\gabriel\documents\computograficorespaldo\mydir\principiosdecg\robot3d\src\application.cpp(201): warning C4244: 'argument': conversion from 'const double' to 'float', possible loss of data
c:\users\gabriel\documents\computograficorespaldo\mydir\principiosdecg\robot3d\src\application.cpp(202): warning C4244: 'argument': conversion from 'const double' to 'float', possible loss of data
c:\users\gabriel\documents\computograficorespaldo\mydir\principiosdecg\robot3d\src\application.cpp(203): warning C4244: 'argument': conversion from 'const double' to 'float', possible loss of data
c:\users\gabriel\documents\computograficorespaldo\mydir\principiosdecg\robot3d\src\application.cpp(292): warning C4305: 'argument': truncation from 'double' to 'const float'
c:\users\gabriel\documents\computograficorespaldo\mydir\principiosdecg\robot3d\src\application.cpp(293): warning C4305: 'argument': truncation from 'double' to 'const float'
  Robot3D.vcxproj -> C:\Users\gabriel\Documents\ComputoGraficoRespaldo\myDir\PrincipiosDeCG\x64\Debug\Robot3D.exe
