  Application.cpp
c:\users\gabriel\documents\computograficorespaldo\mydir\principiosdecg\midpointcircle\src\application.cpp(17): warning C4309: 'argument': truncation of constant value
c:\users\gabriel\documents\computograficorespaldo\mydir\principiosdecg\midpointcircle\src\application.cpp(18): warning C4309: 'argument': truncation of constant value
c:\users\gabriel\documents\computograficorespaldo\mydir\principiosdecg\midpointcircle\src\application.cpp(19): warning C4309: 'argument': truncation of constant value
c:\users\gabriel\documents\computograficorespaldo\mydir\principiosdecg\midpointcircle\src\application.cpp(20): warning C4309: 'argument': truncation of constant value
c:\users\gabriel\documents\computograficorespaldo\mydir\principiosdecg\midpointcircle\src\application.cpp(21): warning C4309: 'argument': truncation of constant value
c:\users\gabriel\documents\computograficorespaldo\mydir\principiosdecg\midpointcircle\src\application.cpp(22): warning C4309: 'argument': truncation of constant value
c:\users\gabriel\documents\computograficorespaldo\mydir\principiosdecg\midpointcircle\src\application.cpp(23): warning C4309: 'argument': truncation of constant value
c:\users\gabriel\documents\computograficorespaldo\mydir\principiosdecg\midpointcircle\src\application.cpp(24): warning C4309: 'argument': truncation of constant value
c:\users\gabriel\documents\computograficorespaldo\mydir\principiosdecg\midpointcircle\src\application.cpp(108): warning C4309: 'argument': truncation of constant value
c:\users\gabriel\documents\computograficorespaldo\mydir\principiosdecg\midpointcircle\src\application.cpp(108): warning C4244: 'argument': conversion from 'const double' to 'const int', possible loss of data
c:\users\gabriel\documents\computograficorespaldo\mydir\principiosdecg\midpointcircle\src\application.cpp(113): warning C4309: 'argument': truncation of constant value
c:\users\gabriel\documents\computograficorespaldo\mydir\principiosdecg\midpointcircle\src\application.cpp(113): warning C4244: 'argument': conversion from 'const float' to 'const int', possible loss of data
c:\users\gabriel\documents\computograficorespaldo\mydir\principiosdecg\midpointcircle\src\application.cpp(121): warning C4244: 'argument': conversion from 'const double' to 'float', possible loss of data
c:\users\gabriel\documents\computograficorespaldo\mydir\principiosdecg\midpointcircle\src\application.cpp(123): warning C4244: 'argument': conversion from 'const double' to 'float', possible loss of data
c:\users\gabriel\documents\computograficorespaldo\mydir\principiosdecg\midpointcircle\src\application.cpp(126): warning C4244: 'argument': conversion from 'const double' to 'float', possible loss of data
c:\users\gabriel\documents\computograficorespaldo\mydir\principiosdecg\midpointcircle\src\application.cpp(127): warning C4244: 'argument': conversion from 'const double' to 'float', possible loss of data
c:\users\gabriel\documents\computograficorespaldo\mydir\principiosdecg\midpointcircle\src\application.cpp(149): warning C4244: 'argument': conversion from 'const double' to 'float', possible loss of data
c:\users\gabriel\documents\computograficorespaldo\mydir\principiosdecg\midpointcircle\src\application.cpp(163): warning C4244: 'argument': conversion from 'const double' to 'float', possible loss of data
c:\users\gabriel\documents\computograficorespaldo\mydir\principiosdecg\midpointcircle\src\application.cpp(165): warning C4244: 'argument': conversion from 'const double' to 'float', possible loss of data
c:\users\gabriel\documents\computograficorespaldo\mydir\principiosdecg\midpointcircle\src\application.cpp(166): warning C4244: 'argument': conversion from 'const double' to 'float', possible loss of data
c:\users\gabriel\documents\computograficorespaldo\mydir\principiosdecg\midpointcircle\src\application.cpp(184): warning C4244: 'argument': conversion from 'const double' to 'float', possible loss of data
c:\users\gabriel\documents\computograficorespaldo\mydir\principiosdecg\midpointcircle\src\application.cpp(186): warning C4244: 'argument': conversion from 'const double' to 'float', possible loss of data
c:\users\gabriel\documents\computograficorespaldo\mydir\principiosdecg\midpointcircle\src\application.cpp(203): warning C4244: 'argument': conversion from 'const double' to 'float', possible loss of data
c:\users\gabriel\documents\computograficorespaldo\mydir\principiosdecg\midpointcircle\src\application.cpp(205): warning C4244: 'argument': conversion from 'const double' to 'float', possible loss of data
c:\users\gabriel\documents\computograficorespaldo\mydir\principiosdecg\midpointcircle\src\application.cpp(224): warning C4244: 'argument': conversion from 'const double' to 'float', possible loss of data
c:\users\gabriel\documents\computograficorespaldo\mydir\principiosdecg\midpointcircle\src\application.cpp(225): warning C4244: 'argument': conversion from 'const double' to 'float', possible loss of data
c:\users\gabriel\documents\computograficorespaldo\mydir\principiosdecg\midpointcircle\src\application.cpp(226): warning C4244: 'argument': conversion from 'const double' to 'float', possible loss of data
c:\users\gabriel\documents\computograficorespaldo\mydir\principiosdecg\midpointcircle\src\application.cpp(227): warning C4244: 'argument': conversion from 'const double' to 'float', possible loss of data
c:\users\gabriel\documents\computograficorespaldo\mydir\principiosdecg\midpointcircle\src\application.cpp(294): warning C4305: 'argument': truncation from 'double' to 'const float'
c:\users\gabriel\documents\computograficorespaldo\mydir\principiosdecg\midpointcircle\src\application.cpp(295): warning C4305: 'argument': truncation from 'double' to 'const float'
c:\users\gabriel\documents\computograficorespaldo\mydir\principiosdecg\midpointcircle\src\application.cpp(296): warning C4305: 'argument': truncation from 'double' to 'const float'
c:\users\gabriel\documents\computograficorespaldo\mydir\principiosdecg\midpointcircle\src\application.cpp(297): warning C4305: 'argument': truncation from 'double' to 'const float'
c:\users\gabriel\documents\computograficorespaldo\mydir\principiosdecg\midpointcircle\src\application.cpp(299): warning C4305: 'argument': truncation from 'double' to 'const float'
  MidPointCircle.vcxproj -> C:\Users\gabriel\Documents\ComputoGraficoRespaldo\myDir\PrincipiosDeCG\x64\Debug\MidPointCircle.exe
